ERROR - 2024-03-01 00:39:29 --> Error connecting to the database: mysqli_sql_exception: Unknown database 'buku' in C:\xampp\htdocs\perpustakaan-main\system\Database\MySQLi\Connection.php:185
Stack trace:
#0 C:\xampp\htdocs\perpustakaan-main\system\Database\MySQLi\Connection.php(185): mysqli->real_connect('127.0.0.1', 'root', '', 'buku', 3306, '', 0)
#1 C:\xampp\htdocs\perpustakaan-main\system\Database\BaseConnection.php(391): CodeIgniter\Database\MySQLi\Connection->connect(false)
#2 C:\xampp\htdocs\perpustakaan-main\system\Database\BaseConnection.php(574): CodeIgniter\Database\BaseConnection->initialize()
#3 C:\xampp\htdocs\perpustakaan-main\system\Database\BaseBuilder.php(1748): CodeIgniter\Database\BaseConnection->query('SELECT *\nFROM `...', Array, false)
#4 C:\xampp\htdocs\perpustakaan-main\app\Models\M_Model.php(84): CodeIgniter\Database\BaseBuilder->getWhere(Array)
#5 C:\xampp\htdocs\perpustakaan-main\app\Controllers\Home.php(65): App\Models\M_model->getWhere2('user', Array)
#6 C:\xampp\htdocs\perpustakaan-main\system\CodeIgniter.php(919): App\Controllers\Home->aksi_login()
#7 C:\xampp\htdocs\perpustakaan-main\system\CodeIgniter.php(494): CodeIgniter\CodeIgniter->runController(Object(App\Controllers\Home))
#8 C:\xampp\htdocs\perpustakaan-main\system\CodeIgniter.php(353): CodeIgniter\CodeIgniter->handleRequest(NULL, Object(Config\Cache), false)
#9 C:\xampp\htdocs\perpustakaan-main\public\index.php(79): CodeIgniter\CodeIgniter->run()
#10 C:\xampp\htdocs\perpustakaan-main\system\Commands\Server\rewrite.php(47): require_once('C:\\xampp\\htdocs...')
#11 {main}

Next CodeIgniter\Database\Exceptions\DatabaseException: Unknown database 'buku' in C:\xampp\htdocs\perpustakaan-main\system\Database\MySQLi\Connection.php:229
Stack trace:
#0 C:\xampp\htdocs\perpustakaan-main\system\Database\BaseConnection.php(391): CodeIgniter\Database\MySQLi\Connection->connect(false)
#1 C:\xampp\htdocs\perpustakaan-main\system\Database\BaseConnection.php(574): CodeIgniter\Database\BaseConnection->initialize()
#2 C:\xampp\htdocs\perpustakaan-main\system\Database\BaseBuilder.php(1748): CodeIgniter\Database\BaseConnection->query('SELECT *\nFROM `...', Array, false)
#3 C:\xampp\htdocs\perpustakaan-main\app\Models\M_Model.php(84): CodeIgniter\Database\BaseBuilder->getWhere(Array)
#4 C:\xampp\htdocs\perpustakaan-main\app\Controllers\Home.php(65): App\Models\M_model->getWhere2('user', Array)
#5 C:\xampp\htdocs\perpustakaan-main\system\CodeIgniter.php(919): App\Controllers\Home->aksi_login()
#6 C:\xampp\htdocs\perpustakaan-main\system\CodeIgniter.php(494): CodeIgniter\CodeIgniter->runController(Object(App\Controllers\Home))
#7 C:\xampp\htdocs\perpustakaan-main\system\CodeIgniter.php(353): CodeIgniter\CodeIgniter->handleRequest(NULL, Object(Config\Cache), false)
#8 C:\xampp\htdocs\perpustakaan-main\public\index.php(79): CodeIgniter\CodeIgniter->run()
#9 C:\xampp\htdocs\perpustakaan-main\system\Commands\Server\rewrite.php(47): require_once('C:\\xampp\\htdocs...')
#10 {main}
CRITICAL - 2024-03-01 00:39:29 --> Unable to connect to the database.
Main connection [MySQLi]: Unknown database 'buku'
in SYSTEMPATH\Database\BaseConnection.php on line 427.
 1 SYSTEMPATH\Database\BaseConnection.php(574): CodeIgniter\Database\BaseConnection->initialize()
 2 SYSTEMPATH\Database\BaseBuilder.php(1748): CodeIgniter\Database\BaseConnection->query('SELECT *
FROM `user`
WHERE `username` = :username:
AND `password` = :password:', [...], false)
 3 APPPATH\Models\M_Model.php(84): CodeIgniter\Database\BaseBuilder->getWhere([...])
 4 APPPATH\Controllers\Home.php(65): App\Models\M_model->getWhere2('user', [...])
 5 SYSTEMPATH\CodeIgniter.php(919): App\Controllers\Home->aksi_login()
 6 SYSTEMPATH\CodeIgniter.php(494): CodeIgniter\CodeIgniter->runController(Object(App\Controllers\Home))
 7 SYSTEMPATH\CodeIgniter.php(353): CodeIgniter\CodeIgniter->handleRequest(null, Object(Config\Cache), false)
 8 FCPATH\index.php(79): CodeIgniter\CodeIgniter->run()
 9 SYSTEMPATH\Commands\Server\rewrite.php(47): require_once('C:\\xampp\\htdocs\\perpustakaan-main\\public\\index.php')
CRITICAL - 2024-03-01 00:58:12 --> Data not found
in APPPATH\Models\M_Model.php on line 23.
 1 APPPATH\Controllers\Home.php(486): App\Models\M_model->getById('images')
 2 SYSTEMPATH\CodeIgniter.php(919): App\Controllers\Home->editbuku('images', 'avatar', '1.jpg')
 3 SYSTEMPATH\CodeIgniter.php(494): CodeIgniter\CodeIgniter->runController(Object(App\Controllers\Home))
 4 SYSTEMPATH\CodeIgniter.php(353): CodeIgniter\CodeIgniter->handleRequest(null, Object(Config\Cache), false)
 5 FCPATH\index.php(79): CodeIgniter\CodeIgniter->run()
 6 SYSTEMPATH\Commands\Server\rewrite.php(47): require_once('C:\\xampp\\htdocs\\perpustakaan-main\\public\\index.php')
CRITICAL - 2024-03-01 00:58:12 --> Data not found
in APPPATH\Models\M_Model.php on line 23.
 1 APPPATH\Controllers\Home.php(486): App\Models\M_model->getById('images')
 2 SYSTEMPATH\CodeIgniter.php(919): App\Controllers\Home->editbuku('images', 'avatar', '2.jpg')
 3 SYSTEMPATH\CodeIgniter.php(494): CodeIgniter\CodeIgniter->runController(Object(App\Controllers\Home))
 4 SYSTEMPATH\CodeIgniter.php(353): CodeIgniter\CodeIgniter->handleRequest(null, Object(Config\Cache), false)
 5 FCPATH\index.php(79): CodeIgniter\CodeIgniter->run()
 6 SYSTEMPATH\Commands\Server\rewrite.php(47): require_once('C:\\xampp\\htdocs\\perpustakaan-main\\public\\index.php')
CRITICAL - 2024-03-01 00:58:12 --> Data not found
in APPPATH\Models\M_Model.php on line 23.
 1 APPPATH\Controllers\Home.php(486): App\Models\M_model->getById('images')
 2 SYSTEMPATH\CodeIgniter.php(919): App\Controllers\Home->editbuku('images', 'avatar', '3.jpg')
 3 SYSTEMPATH\CodeIgniter.php(494): CodeIgniter\CodeIgniter->runController(Object(App\Controllers\Home))
 4 SYSTEMPATH\CodeIgniter.php(353): CodeIgniter\CodeIgniter->handleRequest(null, Object(Config\Cache), false)
 5 FCPATH\index.php(79): CodeIgniter\CodeIgniter->run()
 6 SYSTEMPATH\Commands\Server\rewrite.php(47): require_once('C:\\xampp\\htdocs\\perpustakaan-main\\public\\index.php')
CRITICAL - 2024-03-01 00:58:12 --> Data not found
in APPPATH\Models\M_Model.php on line 23.
 1 APPPATH\Controllers\Home.php(486): App\Models\M_model->getById('images')
 2 SYSTEMPATH\CodeIgniter.php(919): App\Controllers\Home->editbuku('images', 'avatar', '4.jpg')
 3 SYSTEMPATH\CodeIgniter.php(494): CodeIgniter\CodeIgniter->runController(Object(App\Controllers\Home))
 4 SYSTEMPATH\CodeIgniter.php(353): CodeIgniter\CodeIgniter->handleRequest(null, Object(Config\Cache), false)
 5 FCPATH\index.php(79): CodeIgniter\CodeIgniter->run()
 6 SYSTEMPATH\Commands\Server\rewrite.php(47): require_once('C:\\xampp\\htdocs\\perpustakaan-main\\public\\index.php')
CRITICAL - 2024-03-01 00:58:46 --> Trying to access array offset on value of type null
in APPPATH\Views\detail_buku.php on line 20.
 1 APPPATH\Views\detail_buku.php(20): CodeIgniter\Debug\Exceptions->errorHandler(2, 'Trying to access array offset on value of type null', 'C:\\xampp\\htdocs\\perpustakaan-main\\app\\Views\\detail_buku.php', 20)
 2 SYSTEMPATH\View\View.php(226): include('C:\\xampp\\htdocs\\perpustakaan-main\\app\\Views\\detail_buku.php')
 3 SYSTEMPATH\View\View.php(229): CodeIgniter\View\View->CodeIgniter\View\{closure}()
 4 SYSTEMPATH\Common.php(1188): CodeIgniter\View\View->render('detail_buku', [], true)
 5 APPPATH\Controllers\Home.php(110): view('detail_buku', [...])
 6 SYSTEMPATH\CodeIgniter.php(919): App\Controllers\Home->detail_buku('images', 'avatar', '1.jpg')
 7 SYSTEMPATH\CodeIgniter.php(494): CodeIgniter\CodeIgniter->runController(Object(App\Controllers\Home))
 8 SYSTEMPATH\CodeIgniter.php(353): CodeIgniter\CodeIgniter->handleRequest(null, Object(Config\Cache), false)
 9 FCPATH\index.php(79): CodeIgniter\CodeIgniter->run()
10 SYSTEMPATH\Commands\Server\rewrite.php(47): require_once('C:\\xampp\\htdocs\\perpustakaan-main\\public\\index.php')
CRITICAL - 2024-03-01 00:58:46 --> Trying to access array offset on value of type null
in APPPATH\Views\detail_buku.php on line 20.
 1 APPPATH\Views\detail_buku.php(20): CodeIgniter\Debug\Exceptions->errorHandler(2, 'Trying to access array offset on value of type null', 'C:\\xampp\\htdocs\\perpustakaan-main\\app\\Views\\detail_buku.php', 20)
 2 SYSTEMPATH\View\View.php(226): include('C:\\xampp\\htdocs\\perpustakaan-main\\app\\Views\\detail_buku.php')
 3 SYSTEMPATH\View\View.php(229): CodeIgniter\View\View->CodeIgniter\View\{closure}()
 4 SYSTEMPATH\Common.php(1188): CodeIgniter\View\View->render('detail_buku', [], true)
 5 APPPATH\Controllers\Home.php(110): view('detail_buku', [...])
 6 SYSTEMPATH\CodeIgniter.php(919): App\Controllers\Home->detail_buku('images', 'avatar', '2.jpg')
 7 SYSTEMPATH\CodeIgniter.php(494): CodeIgniter\CodeIgniter->runController(Object(App\Controllers\Home))
 8 SYSTEMPATH\CodeIgniter.php(353): CodeIgniter\CodeIgniter->handleRequest(null, Object(Config\Cache), false)
 9 FCPATH\index.php(79): CodeIgniter\CodeIgniter->run()
10 SYSTEMPATH\Commands\Server\rewrite.php(47): require_once('C:\\xampp\\htdocs\\perpustakaan-main\\public\\index.php')
CRITICAL - 2024-03-01 00:58:46 --> Trying to access array offset on value of type null
in APPPATH\Views\detail_buku.php on line 20.
 1 APPPATH\Views\detail_buku.php(20): CodeIgniter\Debug\Exceptions->errorHandler(2, 'Trying to access array offset on value of type null', 'C:\\xampp\\htdocs\\perpustakaan-main\\app\\Views\\detail_buku.php', 20)
 2 SYSTEMPATH\View\View.php(226): include('C:\\xampp\\htdocs\\perpustakaan-main\\app\\Views\\detail_buku.php')
 3 SYSTEMPATH\View\View.php(229): CodeIgniter\View\View->CodeIgniter\View\{closure}()
 4 SYSTEMPATH\Common.php(1188): CodeIgniter\View\View->render('detail_buku', [], true)
 5 APPPATH\Controllers\Home.php(110): view('detail_buku', [...])
 6 SYSTEMPATH\CodeIgniter.php(919): App\Controllers\Home->detail_buku('images', 'avatar', '3.jpg')
 7 SYSTEMPATH\CodeIgniter.php(494): CodeIgniter\CodeIgniter->runController(Object(App\Controllers\Home))
 8 SYSTEMPATH\CodeIgniter.php(353): CodeIgniter\CodeIgniter->handleRequest(null, Object(Config\Cache), false)
 9 FCPATH\index.php(79): CodeIgniter\CodeIgniter->run()
10 SYSTEMPATH\Commands\Server\rewrite.php(47): require_once('C:\\xampp\\htdocs\\perpustakaan-main\\public\\index.php')
CRITICAL - 2024-03-01 00:58:46 --> Trying to access array offset on value of type null
in APPPATH\Views\detail_buku.php on line 20.
 1 APPPATH\Views\detail_buku.php(20): CodeIgniter\Debug\Exceptions->errorHandler(2, 'Trying to access array offset on value of type null', 'C:\\xampp\\htdocs\\perpustakaan-main\\app\\Views\\detail_buku.php', 20)
 2 SYSTEMPATH\View\View.php(226): include('C:\\xampp\\htdocs\\perpustakaan-main\\app\\Views\\detail_buku.php')
 3 SYSTEMPATH\View\View.php(229): CodeIgniter\View\View->CodeIgniter\View\{closure}()
 4 SYSTEMPATH\Common.php(1188): CodeIgniter\View\View->render('detail_buku', [], true)
 5 APPPATH\Controllers\Home.php(110): view('detail_buku', [...])
 6 SYSTEMPATH\CodeIgniter.php(919): App\Controllers\Home->detail_buku('images', 'avatar', '4.jpg')
 7 SYSTEMPATH\CodeIgniter.php(494): CodeIgniter\CodeIgniter->runController(Object(App\Controllers\Home))
 8 SYSTEMPATH\CodeIgniter.php(353): CodeIgniter\CodeIgniter->handleRequest(null, Object(Config\Cache), false)
 9 FCPATH\index.php(79): CodeIgniter\CodeIgniter->run()
10 SYSTEMPATH\Commands\Server\rewrite.php(47): require_once('C:\\xampp\\htdocs\\perpustakaan-main\\public\\index.php')
